<!doctype html>
<html lang="en">
<head>
  <meta charset="utf-8">
  <title>RunnerReportApp</title>
  <link rel="shortcut icon" type="image/png" href="assets/images/favicon.png">
  <meta name="viewport" content="width=device-width, initial-scale=1">

  <!--### START: testerumRunnerReportModel ### -->
  <script type='text/javascript'>
    window.testerumRunnerReportModel = {"@type":"SUITE","startTime":"2018-12-26T21:26:17.269","endTime":"2018-12-26T21:26:25.08","durationMillis":7692,"status":"FAILED","textLogFilePath":"logs\\text\\suite-logs.txt","modelLogFilePath":"logs\\model\\suite-logs.js","children":[{"@type":"FEATURE","featureName":"unrelated","startTime":"2018-12-26T21:26:17.398","endTime":"2018-12-26T21:26:24.969","durationMillis":7568,"status":"FAILED","textLogFilePath":"logs\\text\\unrelated\\feature-logs.txt","modelLogFilePath":"logs\\model\\unrelated\\feature-logs.js","children":[{"@type":"FEATURE","featureName":"super hero squad","startTime":"2018-12-26T21:26:17.401","endTime":"2018-12-26T21:26:17.41","durationMillis":0,"status":"FAILED","exceptionDetail":{"exceptionClassName":"java.lang.RuntimeException","message":"failed to execute test at [c:\\programing\\workspace\\testerum-demos\\pet-clinic-angular2\\tests\\features\\unrelated\\super hero squad\\_Eternal Flame_ is immortal.test]","stackTrace":[{"className":"com.testerum.runner_cmdline.runner_tree.nodes.test.RunnerTest","methodName":"run","fileName":"RunnerTest.kt","lineNumber":65,"nativeMethod":false},{"className":"com.testerum.runner_cmdline.runner_tree.nodes.feature.RunnerFeature","methodName":"tryToRun","fileName":"RunnerFeature.kt","lineNumber":62,"nativeMethod":false},{"className":"com.testerum.runner_cmdline.runner_tree.nodes.feature.RunnerFeature","methodName":"run","fileName":"RunnerFeature.kt","lineNumber":47,"nativeMethod":false},{"className":"com.testerum.runner_cmdline.runner_tree.nodes.feature.RunnerFeature","methodName":"tryToRun","fileName":"RunnerFeature.kt","lineNumber":62,"nativeMethod":false},{"className":"com.testerum.runner_cmdline.runner_tree.nodes.feature.RunnerFeature","methodName":"run","fileName":"RunnerFeature.kt","lineNumber":47,"nativeMethod":false},{"className":"com.testerum.runner_cmdline.runner_tree.nodes.suite.RunnerSuite","methodName":"runTests","fileName":"RunnerSuite.kt","lineNumber":107,"nativeMethod":false},{"className":"com.testerum.runner_cmdline.runner_tree.nodes.suite.RunnerSuite","methodName":"run","fileName":"RunnerSuite.kt","lineNumber":64,"nativeMethod":false},{"className":"com.testerum.runner_cmdline.RunnerApplication$tryToExecute$executionStatus$1","methodName":"invoke","fileName":"RunnerApplication.kt","lineNumber":115,"nativeMethod":false},{"className":"com.testerum.runner_cmdline.RunnerApplication$tryToExecute$executionStatus$1","methodName":"invoke","fileName":"RunnerApplication.kt","lineNumber":41,"nativeMethod":false},{"className":"com.testerum.common_kotlin.Classloader_utilsKt","methodName":"runWithThreadContextClassLoader","fileName":"classloader_utils.kt","lineNumber":8,"nativeMethod":false},{"className":"com.testerum.runner_cmdline.RunnerApplication","methodName":"tryToExecute","fileName":"RunnerApplication.kt","lineNumber":114,"nativeMethod":false},{"className":"com.testerum.runner_cmdline.RunnerApplication","methodName":"execute","fileName":"RunnerApplication.kt","lineNumber":60,"nativeMethod":false},{"className":"com.testerum.runner_cmdline.TesterumRunner","methodName":"main","fileName":"TesterumRunner.kt","lineNumber":43,"nativeMethod":false}],"cause":{"exceptionClassName":"java.nio.file.InvalidPathException","message":"Illegal char <\"> at index 27: unrelated/super hero squad/\"Eternal Flame\" is immortal/test-logs.txt","stackTrace":[{"className":"sun.nio.fs.WindowsPathParser","methodName":"normalize","fileName":"WindowsPathParser.java","lineNumber":182,"nativeMethod":false},{"className":"sun.nio.fs.WindowsPathParser","methodName":"parse","fileName":"WindowsPathParser.java","lineNumber":153,"nativeMethod":false},{"className":"sun.nio.fs.WindowsPathParser","methodName":"parse","fileName":"WindowsPathParser.java","lineNumber":77,"nativeMethod":false},{"className":"sun.nio.fs.WindowsPath","methodName":"parse","fileName":"WindowsPath.java","lineNumber":94,"nativeMethod":false},{"className":"sun.nio.fs.WindowsFileSystem","methodName":"getPath","fileName":"WindowsFileSystem.java","lineNumber":255,"nativeMethod":false},{"className":"sun.nio.fs.AbstractPath","methodName":"resolve","fileName":"AbstractPath.java","lineNumber":53,"nativeMethod":false},{"className":"com.testerum.runner_cmdline.events.execution_listeners.report_model.base.BaseReportModelExecutionListener","methodName":"onTestStart","fileName":"BaseReportModelExecutionListener.kt","lineNumber":165,"nativeMethod":false},{"className":"com.testerum.runner.events.execution_listener.BaseExecutionListener","methodName":"onEvent","fileName":"BaseExecutionListener.kt","lineNumber":27,"nativeMethod":false},{"className":"com.testerum.runner_cmdline.events.EventsService","methodName":"informEventListeners","fileName":"EventsService.kt","lineNumber":35,"nativeMethod":false},{"className":"com.testerum.runner_cmdline.events.EventsService","methodName":"logEvent","fileName":"EventsService.kt","lineNumber":15,"nativeMethod":false},{"className":"com.testerum.runner_cmdline.runner_tree.nodes.test.RunnerTest","methodName":"logTestStart","fileName":"RunnerTest.kt","lineNumber":204,"nativeMethod":false},{"className":"com.testerum.runner_cmdline.runner_tree.nodes.test.RunnerTest","methodName":"tryToRun","fileName":"RunnerTest.kt","lineNumber":74,"nativeMethod":false},{"className":"com.testerum.runner_cmdline.runner_tree.nodes.test.RunnerTest","methodName":"run","fileName":"RunnerTest.kt","lineNumber":63,"nativeMethod":false},{"className":"com.testerum.runner_cmdline.runner_tree.nodes.feature.RunnerFeature","methodName":"tryToRun","fileName":"RunnerFeature.kt","lineNumber":62,"nativeMethod":false},{"className":"com.testerum.runner_cmdline.runner_tree.nodes.feature.RunnerFeature","methodName":"run","fileName":"RunnerFeature.kt","lineNumber":47,"nativeMethod":false},{"className":"com.testerum.runner_cmdline.runner_tree.nodes.feature.RunnerFeature","methodName":"tryToRun","fileName":"RunnerFeature.kt","lineNumber":62,"nativeMethod":false},{"className":"com.testerum.runner_cmdline.runner_tree.nodes.feature.RunnerFeature","methodName":"run","fileName":"RunnerFeature.kt","lineNumber":47,"nativeMethod":false},{"className":"com.testerum.runner_cmdline.runner_tree.nodes.suite.RunnerSuite","methodName":"runTests","fileName":"RunnerSuite.kt","lineNumber":107,"nativeMethod":false},{"className":"com.testerum.runner_cmdline.runner_tree.nodes.suite.RunnerSuite","methodName":"run","fileName":"RunnerSuite.kt","lineNumber":64,"nativeMethod":false},{"className":"com.testerum.runner_cmdline.RunnerApplication$tryToExecute$executionStatus$1","methodName":"invoke","fileName":"RunnerApplication.kt","lineNumber":115,"nativeMethod":false},{"className":"com.testerum.runner_cmdline.RunnerApplication$tryToExecute$executionStatus$1","methodName":"invoke","fileName":"RunnerApplication.kt","lineNumber":41,"nativeMethod":false},{"className":"com.testerum.common_kotlin.Classloader_utilsKt","methodName":"runWithThreadContextClassLoader","fileName":"classloader_utils.kt","lineNumber":8,"nativeMethod":false},{"className":"com.testerum.runner_cmdline.RunnerApplication","methodName":"tryToExecute","fileName":"RunnerApplication.kt","lineNumber":114,"nativeMethod":false},{"className":"com.testerum.runner_cmdline.RunnerApplication","methodName":"execute","fileName":"RunnerApplication.kt","lineNumber":60,"nativeMethod":false},{"className":"com.testerum.runner_cmdline.TesterumRunner","methodName":"main","fileName":"TesterumRunner.kt","lineNumber":43,"nativeMethod":false}],"suppressed":[]},"suppressed":[]},"textLogFilePath":"logs\\text\\unrelated\\super hero squad\\feature-logs.txt","modelLogFilePath":"logs\\model\\unrelated\\super hero squad\\feature-logs.js","children":[],"exceptionDetailAsString":"java.lang.RuntimeException: failed to execute test at [c:\\programing\\workspace\\testerum-demos\\pet-clinic-angular2\\tests\\features\\unrelated\\super hero squad\\_Eternal Flame_ is immortal.test]\n\tat com.testerum.runner_cmdline.runner_tree.nodes.test.RunnerTest.run(RunnerTest.kt:65)\n\tat com.testerum.runner_cmdline.runner_tree.nodes.feature.RunnerFeature.tryToRun(RunnerFeature.kt:62)\n\tat com.testerum.runner_cmdline.runner_tree.nodes.feature.RunnerFeature.run(RunnerFeature.kt:47)\n\tat com.testerum.runner_cmdline.runner_tree.nodes.feature.RunnerFeature.tryToRun(RunnerFeature.kt:62)\n\tat com.testerum.runner_cmdline.runner_tree.nodes.feature.RunnerFeature.run(RunnerFeature.kt:47)\n\tat com.testerum.runner_cmdline.runner_tree.nodes.suite.RunnerSuite.runTests(RunnerSuite.kt:107)\n\tat com.testerum.runner_cmdline.runner_tree.nodes.suite.RunnerSuite.run(RunnerSuite.kt:64)\n\tat com.testerum.runner_cmdline.RunnerApplication$tryToExecute$executionStatus$1.invoke(RunnerApplication.kt:115)\n\tat com.testerum.runner_cmdline.RunnerApplication$tryToExecute$executionStatus$1.invoke(RunnerApplication.kt:41)\n\tat com.testerum.common_kotlin.Classloader_utilsKt.runWithThreadContextClassLoader(classloader_utils.kt:8)\n\tat com.testerum.runner_cmdline.RunnerApplication.tryToExecute(RunnerApplication.kt:114)\n\tat com.testerum.runner_cmdline.RunnerApplication.execute(RunnerApplication.kt:60)\n\tat com.testerum.runner_cmdline.TesterumRunner.main(TesterumRunner.kt:43)\nCaused by: java.nio.file.InvalidPathException: Illegal char <\"> at index 27: unrelated/super hero squad/\"Eternal Flame\" is immortal/test-logs.txt\n\tat sun.nio.fs.WindowsPathParser.normalize(WindowsPathParser.java:182)\n\tat sun.nio.fs.WindowsPathParser.parse(WindowsPathParser.java:153)\n\tat sun.nio.fs.WindowsPathParser.parse(WindowsPathParser.java:77)\n\tat sun.nio.fs.WindowsPath.parse(WindowsPath.java:94)\n\tat sun.nio.fs.WindowsFileSystem.getPath(WindowsFileSystem.java:255)\n\tat sun.nio.fs.AbstractPath.resolve(AbstractPath.java:53)\n\tat com.testerum.runner_cmdline.events.execution_listeners.report_model.base.BaseReportModelExecutionListener.onTestStart(BaseReportModelExecutionListener.kt:165)\n\tat com.testerum.runner.events.execution_listener.BaseExecutionListener.onEvent(BaseExecutionListener.kt:27)\n\tat com.testerum.runner_cmdline.events.EventsService.informEventListeners(EventsService.kt:35)\n\tat com.testerum.runner_cmdline.events.EventsService.logEvent(EventsService.kt:15)\n\tat com.testerum.runner_cmdline.runner_tree.nodes.test.RunnerTest.logTestStart(RunnerTest.kt:204)\n\tat com.testerum.runner_cmdline.runner_tree.nodes.test.RunnerTest.tryToRun(RunnerTest.kt:74)\n\tat com.testerum.runner_cmdline.runner_tree.nodes.test.RunnerTest.run(RunnerTest.kt:63)\n\t... 12 more\n"},{"@type":"TEST","testName":"JS expressions","testFilePath":"unrelated/JS expressions.test","tags":["cinci","sase"],"startTime":"2018-12-26T21:26:17.414","endTime":"2018-12-26T21:26:22.213","durationMillis":4781,"status":"FAILED","textLogFilePath":"logs\\text\\unrelated\\JS expressions\\test-logs.txt","modelLogFilePath":"logs\\model\\unrelated\\JS expressions\\test-logs.js","children":[{"@type":"STEP","stepCall":{"id":"unrelated/JS expressions.test-0","stepDefId":"3","args":[]},"startTime":"2018-12-26T21:26:19.17","endTime":"2018-12-26T21:26:22.206","durationMillis":3029,"status":"FAILED","textLogFilePath":"logs\\text\\unrelated\\JS expressions\\step-1-logs.txt","modelLogFilePath":"logs\\model\\unrelated\\JS expressions\\step-1-logs.js","children":[{"@type":"STEP","stepCall":{"id":"GIVEN step 3-0","stepDefId":"1","args":[{"name":"","content":"today","type":"java.lang.String"},{"content":"{{new Date().toISOString().substr(0, 10)}}","type":"java.lang.String"}]},"startTime":"2018-12-26T21:26:19.177","endTime":"2018-12-26T21:26:21.949","durationMillis":2767,"status":"PASSED","textLogFilePath":"logs\\text\\unrelated\\JS expressions\\step-1-1-logs.txt","modelLogFilePath":"logs\\model\\unrelated\\JS expressions\\step-1-1-logs.js","children":[]},{"@type":"STEP","stepCall":{"id":"GIVEN step 3-1","stepDefId":"2","args":[{"name":"actualValue","content":"{{today}}","type":"java.lang.Object"},{"name":"expectedValue","content":"2018-11-29","type":"java.lang.Object"}]},"startTime":"2018-12-26T21:26:21.965","endTime":"2018-12-26T21:26:22.183","durationMillis":213,"status":"FAILED","exceptionDetail":{"exceptionClassName":"java.lang.AssertionError","message":"expected [1980] to be equal to [2018-11-29], but was not","stackTrace":[{"className":"assertions.AssertionsSteps","methodName":"assertEqualValues","fileName":"AssertionsSteps.kt","lineNumber":12,"nativeMethod":false},{"className":"sun.reflect.NativeMethodAccessorImpl","methodName":"invoke0","fileName":"NativeMethodAccessorImpl.java","lineNumber":-2,"nativeMethod":true},{"className":"sun.reflect.NativeMethodAccessorImpl","methodName":"invoke","fileName":"NativeMethodAccessorImpl.java","lineNumber":62,"nativeMethod":false},{"className":"sun.reflect.DelegatingMethodAccessorImpl","methodName":"invoke","fileName":"DelegatingMethodAccessorImpl.java","lineNumber":43,"nativeMethod":false},{"className":"java.lang.reflect.Method","methodName":"invoke","fileName":"Method.java","lineNumber":498,"nativeMethod":false},{"className":"com.testerum.runner_cmdline.runner_tree.nodes.step.impl.RunnerBasicStep","methodName":"doRun","fileName":"RunnerBasicStep.kt","lineNumber":53,"nativeMethod":false},{"className":"com.testerum.runner_cmdline.runner_tree.nodes.step.RunnerStep","methodName":"run","fileName":"RunnerStep.kt","lineNumber":33,"nativeMethod":false},{"className":"com.testerum.runner_cmdline.runner_tree.nodes.step.impl.RunnerComposedStep","methodName":"doRun","fileName":"RunnerComposedStep.kt","lineNumber":40,"nativeMethod":false},{"className":"com.testerum.runner_cmdline.runner_tree.nodes.step.RunnerStep","methodName":"run","fileName":"RunnerStep.kt","lineNumber":33,"nativeMethod":false},{"className":"com.testerum.runner_cmdline.runner_tree.nodes.test.RunnerTest","methodName":"tryToRun","fileName":"RunnerTest.kt","lineNumber":110,"nativeMethod":false},{"className":"com.testerum.runner_cmdline.runner_tree.nodes.test.RunnerTest","methodName":"run","fileName":"RunnerTest.kt","lineNumber":63,"nativeMethod":false},{"className":"com.testerum.runner_cmdline.runner_tree.nodes.feature.RunnerFeature","methodName":"tryToRun","fileName":"RunnerFeature.kt","lineNumber":62,"nativeMethod":false},{"className":"com.testerum.runner_cmdline.runner_tree.nodes.feature.RunnerFeature","methodName":"run","fileName":"RunnerFeature.kt","lineNumber":47,"nativeMethod":false},{"className":"com.testerum.runner_cmdline.runner_tree.nodes.suite.RunnerSuite","methodName":"runTests","fileName":"RunnerSuite.kt","lineNumber":107,"nativeMethod":false},{"className":"com.testerum.runner_cmdline.runner_tree.nodes.suite.RunnerSuite","methodName":"run","fileName":"RunnerSuite.kt","lineNumber":64,"nativeMethod":false},{"className":"com.testerum.runner_cmdline.RunnerApplication$tryToExecute$executionStatus$1","methodName":"invoke","fileName":"RunnerApplication.kt","lineNumber":115,"nativeMethod":false},{"className":"com.testerum.runner_cmdline.RunnerApplication$tryToExecute$executionStatus$1","methodName":"invoke","fileName":"RunnerApplication.kt","lineNumber":41,"nativeMethod":false},{"className":"com.testerum.common_kotlin.Classloader_utilsKt","methodName":"runWithThreadContextClassLoader","fileName":"classloader_utils.kt","lineNumber":8,"nativeMethod":false},{"className":"com.testerum.runner_cmdline.RunnerApplication","methodName":"tryToExecute","fileName":"RunnerApplication.kt","lineNumber":114,"nativeMethod":false},{"className":"com.testerum.runner_cmdline.RunnerApplication","methodName":"execute","fileName":"RunnerApplication.kt","lineNumber":60,"nativeMethod":false},{"className":"com.testerum.runner_cmdline.TesterumRunner","methodName":"main","fileName":"TesterumRunner.kt","lineNumber":43,"nativeMethod":false}],"suppressed":[]},"textLogFilePath":"logs\\text\\unrelated\\JS expressions\\step-1-2-logs.txt","modelLogFilePath":"logs\\model\\unrelated\\JS expressions\\step-1-2-logs.js","children":[],"exceptionDetailAsString":"java.lang.AssertionError: expected [1980] to be equal to [2018-11-29], but was not\n\tat assertions.AssertionsSteps.assertEqualValues(AssertionsSteps.kt:12)\n\tat sun.reflect.NativeMethodAccessorImpl.invoke0(Native Method)\n\tat sun.reflect.NativeMethodAccessorImpl.invoke(NativeMethodAccessorImpl.java:62)\n\tat sun.reflect.DelegatingMethodAccessorImpl.invoke(DelegatingMethodAccessorImpl.java:43)\n\tat java.lang.reflect.Method.invoke(Method.java:498)\n\tat com.testerum.runner_cmdline.runner_tree.nodes.step.impl.RunnerBasicStep.doRun(RunnerBasicStep.kt:53)\n\tat com.testerum.runner_cmdline.runner_tree.nodes.step.RunnerStep.run(RunnerStep.kt:33)\n\tat com.testerum.runner_cmdline.runner_tree.nodes.step.impl.RunnerComposedStep.doRun(RunnerComposedStep.kt:40)\n\tat com.testerum.runner_cmdline.runner_tree.nodes.step.RunnerStep.run(RunnerStep.kt:33)\n\tat com.testerum.runner_cmdline.runner_tree.nodes.test.RunnerTest.tryToRun(RunnerTest.kt:110)\n\tat com.testerum.runner_cmdline.runner_tree.nodes.test.RunnerTest.run(RunnerTest.kt:63)\n\tat com.testerum.runner_cmdline.runner_tree.nodes.feature.RunnerFeature.tryToRun(RunnerFeature.kt:62)\n\tat com.testerum.runner_cmdline.runner_tree.nodes.feature.RunnerFeature.run(RunnerFeature.kt:47)\n\tat com.testerum.runner_cmdline.runner_tree.nodes.suite.RunnerSuite.runTests(RunnerSuite.kt:107)\n\tat com.testerum.runner_cmdline.runner_tree.nodes.suite.RunnerSuite.run(RunnerSuite.kt:64)\n\tat com.testerum.runner_cmdline.RunnerApplication$tryToExecute$executionStatus$1.invoke(RunnerApplication.kt:115)\n\tat com.testerum.runner_cmdline.RunnerApplication$tryToExecute$executionStatus$1.invoke(RunnerApplication.kt:41)\n\tat com.testerum.common_kotlin.Classloader_utilsKt.runWithThreadContextClassLoader(classloader_utils.kt:8)\n\tat com.testerum.runner_cmdline.RunnerApplication.tryToExecute(RunnerApplication.kt:114)\n\tat com.testerum.runner_cmdline.RunnerApplication.execute(RunnerApplication.kt:60)\n\tat com.testerum.runner_cmdline.TesterumRunner.main(TesterumRunner.kt:43)\n"},{"@type":"STEP","stepCall":{"id":"GIVEN step 3-2","stepDefId":"1","args":[{"name":"","content":"tenDaysFromToday","type":"java.lang.String"},{"name":"value","content":"{{(function(){var futureDate = new Date(); futureDate.setDate(futureDate.getDate...","type":"java.lang.String"}]},"startTime":"2018-12-26T21:26:22.185","endTime":"2018-12-26T21:26:22.198","durationMillis":0,"status":"SKIPPED","textLogFilePath":"logs\\text\\unrelated\\JS expressions\\step-1-3-logs.txt","modelLogFilePath":"logs\\model\\unrelated\\JS expressions\\step-1-3-logs.js","children":[]},{"@type":"STEP","stepCall":{"id":"GIVEN step 3-3","stepDefId":"2","args":[{"name":"actualValue","content":"{{tenDaysFromToday}}","type":"java.lang.Object"},{"name":"expectedValue","content":"2018-12-09","type":"java.lang.Object"}]},"startTime":"2018-12-26T21:26:22.2","endTime":"2018-12-26T21:26:22.204","durationMillis":0,"status":"SKIPPED","textLogFilePath":"logs\\text\\unrelated\\JS expressions\\step-1-4-logs.txt","modelLogFilePath":"logs\\model\\unrelated\\JS expressions\\step-1-4-logs.js","children":[]}]}]},{"@type":"TEST","testName":"Mock Get User","testFilePath":"unrelated/Mock Get User.test","tags":["patru","sase"],"startTime":"2018-12-26T21:26:22.221","endTime":"2018-12-26T21:26:24.967","durationMillis":2743,"status":"PASSED","textLogFilePath":"logs\\text\\unrelated\\Mock Get User\\test-logs.txt","modelLogFilePath":"logs\\model\\unrelated\\Mock Get User\\test-logs.js","children":[{"@type":"STEP","stepCall":{"id":"unrelated/Mock Get User.test-0","stepDefId":"4","args":[{"name":"","type":"com.testerum.model.resources.http.mock.server.HttpMockServer","path":"Sample Mock Server.http.mock.server.yaml"},{"name":"get user","content":"{\"expectedRequest\":{\"method\":\"GET\",\"url\":\"/users/([0-9]+)\"},\"mockResponse\":{\"sta...","type":"com.testerum.model.resources.http.mock.stub.HttpMock"}]},"startTime":"2018-12-26T21:26:22.225","endTime":"2018-12-26T21:26:23.722","durationMillis":1492,"status":"PASSED","textLogFilePath":"logs\\text\\unrelated\\Mock Get User\\step-1-logs.txt","modelLogFilePath":"logs\\model\\unrelated\\Mock Get User\\step-1-logs.js","children":[]},{"@type":"STEP","stepCall":{"id":"unrelated/Mock Get User.test-1","stepDefId":"5","args":[{"name":"mock get user","content":"{\"method\":\"GET\",\"url\":\"http://localhost:12121/users/1\",\"followRedirects\":true,\"h...","type":"com.testerum.model.resources.http.request.HttpRequest"}]},"startTime":"2018-12-26T21:26:23.726","endTime":"2018-12-26T21:26:24.78","durationMillis":1043,"status":"PASSED","textLogFilePath":"logs\\text\\unrelated\\Mock Get User\\step-2-logs.txt","modelLogFilePath":"logs\\model\\unrelated\\Mock Get User\\step-2-logs.js","children":[]},{"@type":"STEP","stepCall":{"id":"unrelated/Mock Get User.test-2","stepDefId":"6","args":[{"name":"verify mock get user ","content":"{\"expectedStatusCode\":200,\"expectedBody\":{\"httpBodyVerifyMatchingType\":\"JSON_VER...","type":"http.response.verify.model.HttpResponseVerify"}]},"startTime":"2018-12-26T21:26:24.781","endTime":"2018-12-26T21:26:24.965","durationMillis":174,"status":"PASSED","textLogFilePath":"logs\\text\\unrelated\\Mock Get User\\step-3-logs.txt","modelLogFilePath":"logs\\model\\unrelated\\Mock Get User\\step-3-logs.js","children":[]}]}]}],"stepDefsById":{"1":{"@type":"BASIC_STEP","id":"1","path":"vars/VariableSteps.declareVariable(java.lang.String,java.lang.String)","phase":"GIVEN","stepPattern":{"patternParts":[{"@type":"TEXT","text":"the variable "},{"@type":"PARAM","name":"name","type":"java.lang.String","enumValues":[]},{"@type":"TEXT","text":" with value "},{"@type":"PARAM","name":"value","type":"java.lang.String","enumValues":[]}]},"description":"Sets the value of a test context variable.\nIf the variable doesn't exist yet, it will be first created.","tags":[],"className":"vars.VariableSteps","methodName":"declareVariable"},"2":{"@type":"BASIC_STEP","id":"2","path":"assertions/AssertionsSteps.assertEqualValues(java.lang.Object,java.lang.Object)","phase":"THEN","stepPattern":{"patternParts":[{"@type":"PARAM","name":"actualValue","type":"java.lang.Object","enumValues":[]},{"@type":"TEXT","text":" is equal to "},{"@type":"PARAM","name":"expectedValue","type":"java.lang.Object","enumValues":[]}]},"tags":[],"className":"assertions.AssertionsSteps","methodName":"assertEqualValues"},"3":{"@type":"COMPOSED_STEP","id":"3","path":"GIVEN step 3.step","phase":"GIVEN","stepPattern":{"patternParts":[{"@type":"TEXT","text":"step 3"}]},"tags":["api_1","api_3"],"stepCalls":[{"id":"GIVEN step 3-0","stepDefId":"1","args":[{"name":"","content":"today","type":"java.lang.String"},{"content":"{{new Date().toISOString().substr(0, 10)}}","type":"java.lang.String"}]},{"id":"GIVEN step 3-1","stepDefId":"2","args":[{"name":"actualValue","content":"{{today}}","type":"java.lang.Object"},{"name":"expectedValue","content":"2018-11-29","type":"java.lang.Object"}]},{"id":"GIVEN step 3-2","stepDefId":"1","args":[{"name":"","content":"tenDaysFromToday","type":"java.lang.String"},{"name":"value","content":"{{(function(){var futureDate = new Date(); futureDate.setDate(futureDate.getDate...","type":"java.lang.String"}]},{"id":"GIVEN step 3-3","stepDefId":"2","args":[{"name":"actualValue","content":"{{tenDaysFromToday}}","type":"java.lang.Object"},{"name":"expectedValue","content":"2018-12-09","type":"java.lang.Object"}]}]},"4":{"@type":"BASIC_STEP","id":"4","path":"http/mock/HttpMockSteps.setupMockServer(com.testerum.model.resources.http.mock.server.HttpMockServer,com.testerum.model.resources.http.mock.stub.HttpMock)","phase":"GIVEN","stepPattern":{"patternParts":[{"@type":"TEXT","text":"the HTTP Mock Server "},{"@type":"PARAM","name":"httpMockServer","type":"com.testerum.model.resources.http.mock.server.HttpMockServer","description":"The configuration of the mock server, like the port on which to listen.","enumValues":[]},{"@type":"TEXT","text":" with the Mock Request "},{"@type":"PARAM","name":"httpMock","type":"com.testerum.model.resources.http.mock.stub.HttpMock","description":"The expected request and the response to return for that request.","enumValues":[]}]},"description":"Sets up a mock HTTP server with the given parameters.","tags":[],"className":"http.mock.HttpMockSteps","methodName":"setupMockServer"},"5":{"@type":"BASIC_STEP","id":"5","path":"http/request/HttpRequestSteps.testConnectionDetails(com.testerum.model.resources.http.request.HttpRequest)","phase":"WHEN","stepPattern":{"patternParts":[{"@type":"TEXT","text":"I execute "},{"@type":"PARAM","name":"httpRequest","type":"com.testerum.model.resources.http.request.HttpRequest","description":"Details of the HTTP request to execute.","enumValues":[]},{"@type":"TEXT","text":" HTTP Request"}]},"description":"Makes an HTTP request, saving the response as a test variable with the name ``httpResponse``.\nThe request is also available in the variable ``httpRequest``","tags":[],"className":"http.request.HttpRequestSteps","methodName":"testConnectionDetails"},"6":{"@type":"BASIC_STEP","id":"6","path":"http/response/verify/HttpResponseVerifySteps.verifyHttpResponse(http.response.verify.model.HttpResponseVerify)","phase":"THEN","stepPattern":{"patternParts":[{"@type":"TEXT","text":"I expect "},{"@type":"PARAM","name":"httpResponseVerify","type":"http.response.verify.model.HttpResponseVerify","description":"The criteria describing the expected HTTP response.","enumValues":[]},{"@type":"TEXT","text":" HTTP Response"}]},"description":"Checks if the response from the previous HTTP request is according to the given criteria.","tags":[],"className":"http.response.verify.HttpResponseVerifySteps","methodName":"verifyHttpResponse"}}};
  </script>
  <!--### END: testerumRunnerReportModel ### -->

</head>
<body>
  <app-root></app-root>
</body>
</html>
